<?xml version="1.0" encoding="UTF-8"?>
<!-- Generated by org.testng.reporters.JUnitReportReporter -->
<testsuite hostname="MONANAND-LAP" name="Sel.NewTest" tests="1" failures="0" timestamp="12 May 2019 06:51:03 GMT" time="5.645" errors="0">
  <testcase name="f" time="5.645" classname="Sel.NewTest"/>
</testsuite> <!-- Sel.NewTest -->
